## getattr
[149487.380386] svc: socket 800000019dfe7000 sendto([8000000183161000 48... ], 48) = 48 (addr 192.168.253.2, port=812)
[149487.380395] svc: server 80000001fe098000 waiting for data (to = 900000)
[149488.620225] svc: socket 800000019951a800 TCP data ready (svsk 800000018cff9000)
[149488.620234] svc: transport 800000018cff9000 served by daemon 80000001fe098000
[149488.620256] svc: server 80000001fe098000, pool 0, transport 800000018cff9000, inuse=2
[149488.620264] svc: tcp_recv 800000018cff9000 data 1 conn 0 close 0
[149488.620273] svc: socket 800000018cff9000 recvfrom(800000018cff929c, 0) = 4
[149488.620278] svc: TCP record, 120 bytes
[149488.620287] svc: socket 800000018cff9000 recvfrom(800000019d734078, 3976) = 120
[149488.620293] svc: TCP final record (120 bytes)
[149488.620298] svc: got len=120
[149488.620304] svc: svc_authenticate (1)
[149488.620313] RPC:       Want update, refage=120, age=8
[149488.620319] svc: calling dispatcher
[149488.620324] nfsd_dispatch: vers 4 proc 1
[149488.620333] nfsv4 compound op #1/3: 22 (OP_PUTFH)
[149488.620343] nfsd: fh_verify(8: 01000100 00000006 00000000 00000000 00000000 00000000)
[149488.620363] nfsv4 compound op 800000019d732080 opcnt 3 #1: 22: status 0
[149488.620369] nfsv4 compound op #2/3: 3 (OP_ACCESS)
[149488.620378] nfsd: fh_verify(8: 01000100 00000006 00000000 00000000 00000000 00000000)
[149488.620389] nfsv4 compound op 800000019d732080 opcnt 3 #2: 3: status 0
[149488.620394] nfsv4 compound op #3/3: 9 (OP_GETATTR)
[149488.620402] nfsd: fh_verify(8: 01000100 00000006 00000000 00000000 00000000 00000000)
[149488.620416] nfsv4 compound op 800000019d732080 opcnt 3 #3: 9: status 0
[149488.620421] nfsv4 compound returned 0
[149488.620472] svc: socket 800000018cff9000 sendto([800000019d78e000 128... ], 128) = 128 (addr 192.168.253.17, port=1012)
[149488.620482] svc: server 80000001fe098000 waiting for data (to = 900000)

## lookup foo
[149488.621167] svc: socket 800000019951a800 TCP data ready (svsk 800000018cff9000)
[149488.621192] svc: transport 800000018cff9000 served by daemon 80000001fe098000
[149488.621390] svc: server 80000001fe098000, pool 0, transport 800000018cff9000, inuse=2
[149488.621402] svc: tcp_recv 800000018cff9000 data 1 conn 0 close 0
[149488.621412] svc: socket 800000018cff9000 recvfrom(800000018cff929c, 0) = 4
[149488.621417] svc: TCP record, 128 bytes
[149488.621425] svc: socket 800000018cff9000 recvfrom(800000019d734080, 3968) = 128
[149488.621435] svc: TCP final record (128 bytes)
[149488.621440] svc: got len=128
[149488.621445] svc: svc_authenticate (1)
[149488.621454] RPC:       Want update, refage=120, age=8
[149488.621460] svc: calling dispatcher
[149488.621465] nfsd_dispatch: vers 4 proc 1
[149488.621474] nfsv4 compound op #1/4: 22 (OP_PUTFH)
[149488.621484] nfsd: fh_verify(8: 01000100 00000006 00000000 00000000 00000000 00000000)
[149488.621498] nfsv4 compound op 800000019d732080 opcnt 4 #1: 22: status 0
[149488.621504] nfsv4 compound op #2/4: 15 (OP_LOOKUP)
[149488.621514] nfsd: fh_verify(8: 01000100 00000006 00000000 00000000 00000000 00000000)
[149488.621525] nfsd: nfsd_lookup(fh 8: 01000100 00000006 00000000 00000000 00000000 00000000, foo)
[149488.621546] nfsd: fh_compose(exp 08:01/2 //foo, ino=0)
[149488.621556] nfsv4 compound op 800000019d732080 opcnt 4 #2: 15: status 2
[149488.621562] nfsv4 compound returned 2
[149488.621627] svc: socket 800000018cff9000 sendto([800000019d78e000 56... ], 56) = 56 (addr 192.168.253.17, port=1012)
[149488.621649] svc: server 80000001fe098000 waiting for data (to = 900000)

## getattr
[149488.622144] svc: socket 800000019951a800 TCP data ready (svsk 800000018cff9000)
[149488.622152] svc: transport 800000018cff9000 served by daemon 80000001fe098000
[149488.622170] svc: server 80000001fe098000, pool 0, transport 800000018cff9000, inuse=2
[149488.622177] svc: tcp_recv 800000018cff9000 data 1 conn 0 close 0
[149488.622186] svc: socket 800000018cff9000 recvfrom(800000018cff929c, 0) = 4
[149488.622191] svc: TCP record, 120 bytes
[149488.622200] svc: socket 800000018cff9000 recvfrom(800000019d734078, 3976) = 120
[149488.622206] svc: TCP final record (120 bytes)
[149488.622210] svc: got len=120
[149488.622219] svc: svc_authenticate (1)
[149488.622227] RPC:       Want update, refage=120, age=8
[149488.622233] svc: calling dispatcher
[149488.622238] nfsd_dispatch: vers 4 proc 1
[149488.622248] nfsv4 compound op #1/2: 22 (OP_PUTFH)
[149488.622257] nfsd: fh_verify(16: 01000101 00000006 00000058 abf590a1 00000000 00000000)
[149488.622276] nfsv4 compound op 800000019d732080 opcnt 2 #1: 22: status 0
[149488.622282] nfsv4 compound op #2/2: 9 (OP_GETATTR)
[149488.622290] nfsd: fh_verify(16: 01000101 00000006 00000058 abf590a1 00000000 00000000)
[149488.622305] nfsv4 compound op 800000019d732080 opcnt 2 #2: 9: status 0
[149488.622310] nfsv4 compound returned 0
[149488.622359] svc: socket 800000018cff9000 sendto([800000019d78e000 192... ], 192) = 192 (addr 192.168.253.17, port=1012)
[149488.622369] svc: server 80000001fe098000 waiting for data (to = 900000)

## rename bar foo
[149488.625484] svc: socket 800000019951a800 TCP data ready (svsk 800000018cff9000)
[149488.625492] svc: transport 800000018cff9000 served by daemon 80000001fe098000
[149488.625541] svc: server 80000001fe098000, pool 0, transport 800000018cff9000, inuse=2
[149488.625550] svc: tcp_recv 800000018cff9000 data 1 conn 0 close 0
[149488.625568] svc: socket 800000018cff9000 recvfrom(800000018cff929c, 0) = 4
[149488.625580] svc: TCP record, 136 bytes
[149488.625589] svc: socket 800000018cff9000 recvfrom(800000019d734088, 3960) = 136
[149488.625595] svc: TCP final record (136 bytes)
[149488.625600] svc: got len=136
[149488.625606] svc: svc_authenticate (1)
[149488.625622] RPC:       Want update, refage=120, age=8
[149488.625629] svc: calling dispatcher
[149488.625634] nfsd_dispatch: vers 4 proc 1
[149488.625660] nfsv4 compound op #1/4: 22 (OP_PUTFH)
[149488.625678] nfsd: fh_verify(8: 01000100 00000006 00000000 00000000 00000000 00000000)
[149488.625693] nfsv4 compound op 800000019d732080 opcnt 4 #1: 22: status 0
[149488.625704] nfsv4 compound op #2/4: 32 (OP_SAVEFH)
[149488.625711] nfsv4 compound op 800000019d732080 opcnt 4 #2: 32: status 0
[149488.625717] nfsv4 compound op #3/4: 22 (OP_PUTFH)
[149488.625730] nfsd: fh_verify(8: 01000100 00000006 00000000 00000000 00000000 00000000)
[149488.625742] nfsv4 compound op 800000019d732080 opcnt 4 #3: 22: status 0
[149488.625748] nfsv4 compound op #4/4: 29 (OP_RENAME)
[149488.625761] nfsd: fh_verify(8: 01000100 00000006 00000000 00000000 00000000 00000000)
[149488.625782] nfsd: fh_verify(8: 01000100 00000006 00000000 00000000 00000000 00000000)
[149488.629601] nfsv4 compound op 800000019d732080 opcnt 4 #4: 29: status 0
[149488.629608] nfsv4 compound returned 0
[149488.629659] svc: socket 800000018cff9000 sendto([800000019d78e000 112... ], 112) = 112 (addr 192.168.253.17, port=1012)
[149488.629669] svc: server 80000001fe098000 waiting for data (to = 900000)

## sleep 1
## lookup bar
[149489.636254] svc: socket 800000019951a800 TCP data ready (svsk 800000018cff9000)
[149489.636262] svc: transport 800000018cff9000 served by daemon 80000001fe098000
[149489.636285] svc: server 80000001fe098000, pool 0, transport 800000018cff9000, inuse=2
[149489.636292] svc: tcp_recv 800000018cff9000 data 1 conn 0 close 0
[149489.636302] svc: socket 800000018cff9000 recvfrom(800000018cff929c, 0) = 4
[149489.636307] svc: TCP record, 128 bytes
[149489.636315] svc: socket 800000018cff9000 recvfrom(800000019d734080, 3968) = 128
[149489.636321] svc: TCP final record (128 bytes)
[149489.636327] svc: got len=128
[149489.636333] svc: svc_authenticate (1)
[149489.636341] RPC:       Want update, refage=120, age=9
[149489.636347] svc: calling dispatcher
[149489.636352] nfsd_dispatch: vers 4 proc 1
[149489.636360] nfsv4 compound op #1/4: 22 (OP_PUTFH)
[149489.636369] nfsd: fh_verify(8: 01000100 00000006 00000000 00000000 00000000 00000000)
[149489.636384] nfsv4 compound op 800000019d732080 opcnt 4 #1: 22: status 0
[149489.636390] nfsv4 compound op #2/4: 15 (OP_LOOKUP)
[149489.636398] nfsd: fh_verify(8: 01000100 00000006 00000000 00000000 00000000 00000000)
[149489.636409] nfsd: nfsd_lookup(fh 8: 01000100 00000006 00000000 00000000 00000000 00000000, bar)
[149489.636424] nfsd: fh_compose(exp 08:01/2 //bar, ino=0)
[149489.636433] nfsv4 compound op 800000019d732080 opcnt 4 #2: 15: status 2
[149489.636438] nfsv4 compound returned 2
[149489.636489] svc: socket 800000018cff9000 sendto([800000019d78e000 56... ], 56) = 56 (addr 192.168.253.17, port=1012)
[149489.636498] svc: server 80000001fe098000 waiting for data (to = 900000)

## lookup foo getattr
[149489.637132] svc: socket 800000019951a800 TCP data ready (svsk 800000018cff9000)
[149489.637140] svc: transport 800000018cff9000 served by daemon 80000001fe098000
[149489.637158] svc: server 80000001fe098000, pool 0, transport 800000018cff9000, inuse=2
[149489.637165] svc: tcp_recv 800000018cff9000 data 1 conn 0 close 0
[149489.637174] svc: socket 800000018cff9000 recvfrom(800000018cff929c, 0) = 4
[149489.637203] svc: TCP record, 128 bytes
[149489.637235] svc: socket 800000018cff9000 recvfrom(800000019d734080, 3968) = 128
[149489.637253] svc: TCP final record (128 bytes)
[149489.637269] svc: got len=128
[149489.637291] svc: svc_authenticate (1)
[149489.637312] RPC:       Want update, refage=120, age=9
[149489.637329] svc: calling dispatcher
[149489.637354] nfsd_dispatch: vers 4 proc 1
[149489.637374] nfsv4 compound op #1/4: 22 (OP_PUTFH)
[149489.637387] nfsd: fh_verify(8: 01000100 00000006 00000000 00000000 00000000 00000000)
[149489.637401] nfsv4 compound op 800000019d732080 opcnt 4 #1: 22: status 0
[149489.637411] nfsv4 compound op #2/4: 15 (OP_LOOKUP)
[149489.637419] nfsd: fh_verify(8: 01000100 00000006 00000000 00000000 00000000 00000000)
[149489.637430] nfsd: nfsd_lookup(fh 8: 01000100 00000006 00000000 00000000 00000000 00000000, foo)
[149489.637439] nfsd: fh_compose(exp 08:01/2 //foo, ino=88)
[149489.637451] nfsv4 compound op 800000019d732080 opcnt 4 #2: 15: status 0
[149489.637457] nfsv4 compound op #3/4: 10 (OP_GETFH)
[149489.637464] nfsv4 compound op 800000019d732080 opcnt 4 #3: 10: status 0
[149489.637470] nfsv4 compound op #4/4: 9 (OP_GETATTR)
[149489.637478] nfsd: fh_verify(16: 01000101 00000006 00000058 abf590a1 00000000 00000000)
[149489.637491] nfsv4 compound op 800000019d732080 opcnt 4 #4: 9: status 0
[149489.637499] nfsv4 compound returned 0
[149489.637549] svc: socket 800000018cff9000 sendto([800000019d78e000 228... ], 228) = 228 (addr 192.168.253.17, port=1012)
[149489.637559] svc: server 80000001fe098000 waiting for data (to = 900000)

## getattr
[149489.638130] svc: socket 800000019951a800 TCP data ready (svsk 800000018cff9000)
[149489.638138] svc: transport 800000018cff9000 served by daemon 80000001fe098000
[149489.638159] svc: server 80000001fe098000, pool 0, transport 800000018cff9000, inuse=2
[149489.638165] svc: tcp_recv 800000018cff9000 data 1 conn 0 close 0
[149489.638179] svc: socket 800000018cff9000 recvfrom(800000018cff929c, 0) = 4
[149489.638183] svc: TCP record, 112 bytes
[149489.638192] svc: socket 800000018cff9000 recvfrom(800000019d734070, 3984) = 112
[149489.638198] svc: TCP final record (112 bytes)
[149489.638203] svc: got len=112
[149489.638208] svc: svc_authenticate (1)
[149489.638217] RPC:       Want update, refage=120, age=9
[149489.638223] svc: calling dispatcher
[149489.638228] nfsd_dispatch: vers 4 proc 1
[149489.638235] nfsv4 compound op #1/2: 22 (OP_PUTFH)
[149489.638244] nfsd: fh_verify(8: 01000100 00000006 00000000 00000000 00000000 00000000)
[149489.638261] nfsv4 compound op 800000019d732080 opcnt 2 #1: 22: status 0
[149489.638267] nfsv4 compound op #2/2: 9 (OP_GETATTR)
[149489.638275] nfsd: fh_verify(8: 01000100 00000006 00000000 00000000 00000000 00000000)
[149489.638287] nfsv4 compound op 800000019d732080 opcnt 2 #2: 9: status 0
[149489.638292] nfsv4 compound returned 0
[149489.638340] svc: socket 800000018cff9000 sendto([800000019d78e000 192... ], 192) = 192 (addr 192.168.253.17, port=1012)
[149489.638349] svc: server 80000001fe098000 waiting for data (to = 900000)

## rename foo bar
[149489.639030] svc: socket 800000019951a800 TCP data ready (svsk 800000018cff9000)
[149489.639043] svc: transport 800000018cff9000 served by daemon 80000001fe098000
[149489.639062] svc: server 80000001fe098000, pool 0, transport 800000018cff9000, inuse=2
[149489.639069] svc: tcp_recv 800000018cff9000 data 1 conn 0 close 0
[149489.639078] svc: socket 800000018cff9000 recvfrom(800000018cff929c, 0) = 4
[149489.639083] svc: TCP record, 136 bytes
[149489.639092] svc: socket 800000018cff9000 recvfrom(800000019d734088, 3960) = 136
[149489.639098] svc: TCP final record (136 bytes)
[149489.639103] svc: got len=136
[149489.639108] svc: svc_authenticate (1)
[149489.639117] RPC:       Want update, refage=120, age=9
[149489.639126] svc: calling dispatcher
[149489.639131] nfsd_dispatch: vers 4 proc 1
[149489.639144] nfsv4 compound op #1/4: 22 (OP_PUTFH)
[149489.639153] nfsd: fh_verify(8: 01000100 00000006 00000000 00000000 00000000 00000000)
[149489.639167] nfsv4 compound op 800000019d732080 opcnt 4 #1: 22: status 0
[149489.639173] nfsv4 compound op #2/4: 32 (OP_SAVEFH)
[149489.639180] nfsv4 compound op 800000019d732080 opcnt 4 #2: 32: status 0
[149489.639186] nfsv4 compound op #3/4: 22 (OP_PUTFH)
[149489.639204] nfsd: fh_verify(8: 01000100 00000006 00000000 00000000 00000000 00000000)
[149489.639220] nfsv4 compound op 800000019d732080 opcnt 4 #3: 22: status 0
[149489.639226] nfsv4 compound op #4/4: 29 (OP_RENAME)
[149489.639235] nfsd: fh_verify(8: 01000100 00000006 00000000 00000000 00000000 00000000)
[149489.639253] nfsd: fh_verify(8: 01000100 00000006 00000000 00000000 00000000 00000000)
[149489.641751] nfsv4 compound op 800000019d732080 opcnt 4 #4: 29: status 0
[149489.641758] nfsv4 compound returned 0
[149489.641810] svc: socket 800000018cff9000 sendto([800000019d78e000 112... ], 112) = 112 (addr 192.168.253.17, port=1012)
[149489.641819] svc: server 80000001fe098000 waiting for data (to = 900000)

[149489.936271] RPC:       registering /proc/net/rpc
[149489.936682] nfsd: initializing export module (net: 8000000186524100).
[149490.089251] nfsd: shutting down export module (net: 8000000186524100).
[149490.089281] nfsd: export shutdown complete (net: 8000000186524100).
[149490.113243] RPC:       unregistering /proc/net/rpc
[149490.117565] RPC:       registering /proc/net/rpc
[149490.117955] nfsd: initializing export module (net: 800000018230a080).
[149490.301254] nfsd: shutting down export module (net: 800000018230a080).
[149490.301283] nfsd: export shutdown complete (net: 800000018230a080).
[149490.325257] RPC:       unregistering /proc/net/rpc
[149490.529193] NFSD: laundromat service - starting
[149490.529202] NFSD: laundromat_main - sleeping for 6 seconds
